<?xml version="1.0" encoding="UTF-8"?>
<!-- Generated by org.testng.reporters.JUnitXMLReporter -->
<testsuite ignored="0" hostname="GOUD" failures="0" tests="13" name="Register" time="4.66" errors="0" timestamp="2024-01-03T15:20:39 IST">
  <testcase classname="com.totorialsninja.qa.Register" name="@BeforeMethod setup" time="1.586">
    <failure type="java.lang.NullPointerException" message="Cannot invoke &amp;quot;org.openqa.selenium.WebDriver.get(String)&amp;quot; because &amp;quot;this.driver&amp;quot; is null">
      <![CDATA[java.lang.NullPointerException: Cannot invoke "org.openqa.selenium.WebDriver.get(String)" because "this.driver" is null
at com.totorialsninja.qa.Register.setup(Register.java:27)
at java.base/java.util.ArrayList.forEach(ArrayList.java:1511)
... Removed 31 stack frames]]>
    </failure>
  </testcase> <!-- @BeforeMethod setup -->
  <testcase classname="com.totorialsninja.qa.Register" name="@AfterMethod teardown" time="0.0">
    <skipped/>
  </testcase> <!-- @AfterMethod teardown -->
  <testcase classname="com.totorialsninja.qa.Register" name="@BeforeMethod setup" time="0.0">
    <skipped/>
  </testcase> <!-- @BeforeMethod setup -->
  <testcase classname="com.totorialsninja.qa.Register" name="@AfterMethod teardown" time="0.0">
    <skipped/>
  </testcase> <!-- @AfterMethod teardown -->
  <testcase classname="com.totorialsninja.qa.Register" name="@BeforeMethod setup" time="0.0">
    <skipped/>
  </testcase> <!-- @BeforeMethod setup -->
  <testcase classname="com.totorialsninja.qa.Register" name="@AfterMethod teardown" time="0.0">
    <skipped/>
  </testcase> <!-- @AfterMethod teardown -->
  <testcase classname="com.totorialsninja.qa.Login" name="@BeforeMethod setup" time="1.175">
    <failure type="java.lang.NullPointerException" message="Cannot invoke &amp;quot;org.openqa.selenium.WebDriver.get(String)&amp;quot; because &amp;quot;this.driver&amp;quot; is null">
      <![CDATA[java.lang.NullPointerException: Cannot invoke "org.openqa.selenium.WebDriver.get(String)" because "this.driver" is null
at com.totorialsninja.qa.Login.setup(Login.java:23)
at java.base/java.util.ArrayList.forEach(ArrayList.java:1511)
... Removed 31 stack frames]]>
    </failure>
  </testcase> <!-- @BeforeMethod setup -->
  <testcase classname="com.totorialsninja.qa.Login" name="@AfterMethod teardown" time="0.0">
    <skipped/>
  </testcase> <!-- @AfterMethod teardown -->
  <testcase classname="com.totorialsninja.qa.Login" name="@BeforeMethod setup" time="0.0">
    <skipped/>
  </testcase> <!-- @BeforeMethod setup -->
  <testcase classname="com.totorialsninja.qa.Login" name="@AfterMethod teardown" time="0.0">
    <skipped/>
  </testcase> <!-- @AfterMethod teardown -->
  <testcase classname="com.totorialsninja.qa.Login" name="@BeforeMethod setup" time="0.0">
    <skipped/>
  </testcase> <!-- @BeforeMethod setup -->
  <testcase classname="com.totorialsninja.qa.Login" name="@AfterMethod teardown" time="0.0">
    <skipped/>
  </testcase> <!-- @AfterMethod teardown -->
  <testcase classname="com.totorialsninja.qa.Login" name="@BeforeMethod setup" time="0.0">
    <skipped/>
  </testcase> <!-- @BeforeMethod setup -->
  <testcase classname="com.totorialsninja.qa.Login" name="@AfterMethod teardown" time="0.0">
    <skipped/>
  </testcase> <!-- @AfterMethod teardown -->
  <testcase classname="com.totorialsninja.qa.Login" name="@BeforeMethod setup" time="0.0">
    <skipped/>
  </testcase> <!-- @BeforeMethod setup -->
  <testcase classname="com.totorialsninja.qa.Login" name="@AfterMethod teardown" time="0.0">
    <skipped/>
  </testcase> <!-- @AfterMethod teardown -->
  <testcase classname="com.totorialsninja.qa.Login" name="@BeforeMethod setup" time="0.0">
    <skipped/>
  </testcase> <!-- @BeforeMethod setup -->
  <testcase classname="com.totorialsninja.qa.Login" name="@AfterMethod teardown" time="0.0">
    <skipped/>
  </testcase> <!-- @AfterMethod teardown -->
  <testcase classname="com.totorialsninja.qa.Login" name="@BeforeMethod setup" time="0.0">
    <skipped/>
  </testcase> <!-- @BeforeMethod setup -->
  <testcase classname="com.totorialsninja.qa.Login" name="@AfterMethod teardown" time="0.0">
    <skipped/>
  </testcase> <!-- @AfterMethod teardown -->
  <testcase classname="com.totorialsninja.qa.Search" name="@BeforeMethod setup" time="1.155">
    <failure type="java.lang.NullPointerException" message="Cannot invoke &amp;quot;org.openqa.selenium.WebDriver.get(String)&amp;quot; because &amp;quot;this.driver&amp;quot; is null">
      <![CDATA[java.lang.NullPointerException: Cannot invoke "org.openqa.selenium.WebDriver.get(String)" because "this.driver" is null
at com.totorialsninja.qa.Search.setup(Search.java:20)
at java.base/java.util.ArrayList.forEach(ArrayList.java:1511)
... Removed 31 stack frames]]>
    </failure>
  </testcase> <!-- @BeforeMethod setup -->
  <testcase classname="com.totorialsninja.qa.Search" name="@AfterMethod teardown" time="0.0">
    <skipped/>
  </testcase> <!-- @AfterMethod teardown -->
  <testcase classname="com.totorialsninja.qa.Search" name="@BeforeMethod setup" time="0.0">
    <skipped/>
  </testcase> <!-- @BeforeMethod setup -->
  <testcase classname="com.totorialsninja.qa.Search" name="@AfterMethod teardown" time="0.0">
    <skipped/>
  </testcase> <!-- @AfterMethod teardown -->
  <testcase classname="com.totorialsninja.qa.Search" name="@BeforeMethod setup" time="0.0">
    <skipped/>
  </testcase> <!-- @BeforeMethod setup -->
  <testcase classname="com.totorialsninja.qa.Search" name="@AfterMethod teardown" time="0.0">
    <skipped/>
  </testcase> <!-- @AfterMethod teardown -->
  <testcase classname="com.totorialsninja.qa.Register" name="Register_with_Mandatoryfields" time="0.0">
    <skipped/>
  </testcase> <!-- Register_with_Mandatoryfields -->
  <testcase classname="com.totorialsninja.qa.Register" name="verify_existing_email_with_registerpage" time="0.0">
    <skipped/>
  </testcase> <!-- verify_existing_email_with_registerpage -->
  <testcase classname="com.totorialsninja.qa.Register" name="verifyRegisteraccount_withoutEntering_mandatoryfields" time="0.0">
    <skipped/>
  </testcase> <!-- verifyRegisteraccount_withoutEntering_mandatoryfields -->
  <testcase classname="com.totorialsninja.qa.Login" name="verify_login_vaild_creadentials" time="0.0">
    <skipped/>
  </testcase> <!-- verify_login_vaild_creadentials -->
  <testcase classname="com.totorialsninja.qa.Login" name="verify_login_vaild_creadentials" time="0.0">
    <skipped/>
  </testcase> <!-- verify_login_vaild_creadentials -->
  <testcase classname="com.totorialsninja.qa.Login" name="verify_login_vaild_creadentials" time="0.0">
    <skipped/>
  </testcase> <!-- verify_login_vaild_creadentials -->
  <testcase classname="com.totorialsninja.qa.Login" name="verify_login_invalid_creadentials" time="0.0">
    <skipped/>
  </testcase> <!-- verify_login_invalid_creadentials -->
  <testcase classname="com.totorialsninja.qa.Login" name="verifyLoginWithInvalidEmailAndValidPassword" time="0.0">
    <skipped/>
  </testcase> <!-- verifyLoginWithInvalidEmailAndValidPassword -->
  <testcase classname="com.totorialsninja.qa.Login" name="verifyLoginWithoutProvidingAnyFields" time="0.0">
    <skipped/>
  </testcase> <!-- verifyLoginWithoutProvidingAnyFields -->
  <testcase classname="com.totorialsninja.qa.Login" name="verifyLoginWithvalidEmailAndInValidPassword" time="0.0">
    <skipped/>
  </testcase> <!-- verifyLoginWithvalidEmailAndInValidPassword -->
  <testcase classname="com.totorialsninja.qa.Search" name="verify_searchwith_vaildproduct" time="0.0">
    <skipped/>
  </testcase> <!-- verify_searchwith_vaildproduct -->
  <testcase classname="com.totorialsninja.qa.Search" name="verify_with_invaild_product" time="0.0">
    <skipped/>
  </testcase> <!-- verify_with_invaild_product -->
  <testcase classname="com.totorialsninja.qa.Search" name="verify_search_resultswith_Nodata" time="0.0">
    <skipped/>
  </testcase> <!-- verify_search_resultswith_Nodata -->
</testsuite> <!-- Register -->
