<?xml version="1.0" encoding="UTF-8"?>
<!-- Generated by org.testng.reporters.JUnitXMLReporter -->
<testsuite ignored="0" hostname="GOUD" failures="6" tests="13" name="Test" time="145.093" errors="0" timestamp="2023-12-28T20:50:04 IST">
  <testcase classname="com.totorials.qa_login.Register" name="Register_with_Mandatoryfields" time="17.379">
    <failure type="org.openqa.selenium.NoSuchElementException" message="Unable to locate element: //h1[text()=&amp;apos;Your Account Has Been Created!&amp;apos;]
For documentation on this error, please visit: https://www.selenium.dev/documentation/webdriver/troubleshooting/errors#no-such-element-exception
Build info: version: &amp;apos;4.15.0&amp;apos;, revision: &amp;apos;1d14b5521b&amp;apos;
System info: os.name: &amp;apos;Windows 11&amp;apos;, os.arch: &amp;apos;amd64&amp;apos;, os.version: &amp;apos;10.0&amp;apos;, java.version: &amp;apos;17.0.8&amp;apos;
Driver info: org.openqa.selenium.firefox.FirefoxDriver
Command: [076b4c68-1905-48b7-b667-d7146650266e, findElement {using=xpath, value=//h1[text()=&amp;apos;Your Account Has Been Created!&amp;apos;]}]
Capabilities {acceptInsecureCerts: true, browserName: firefox, browserVersion: 121.0, moz:accessibilityChecks: false, moz:buildID: 20231211174248, moz:debuggerAddress: 127.0.0.1:46431, moz:geckodriverVersion: 0.33.0, moz:headless: false, moz:platformVersion: 10.0, moz:processID: 39724, moz:profile: C:\Users\bathi\AppData\Loca..., moz:shutdownTimeout: 60000, moz:webdriverClick: true, moz:windowless: false, pageLoadStrategy: normal, platformName: windows, proxy: Proxy(), se:cdp: ws://127.0.0.1:46431/devtoo..., se:cdpVersion: 85.0, setWindowRect: true, strictFileInteractability: false, timeouts: {implicit: 0, pageLoad: 300000, script: 30000}, unhandledPromptBehavior: dismiss and notify}
Session ID: 076b4c68-1905-48b7-b667-d7146650266e">
      <![CDATA[org.openqa.selenium.NoSuchElementException: Unable to locate element: //h1[text()='Your Account Has Been Created!']
For documentation on this error, please visit: https://www.selenium.dev/documentation/webdriver/troubleshooting/errors#no-such-element-exception
Build info: version: '4.15.0', revision: '1d14b5521b'
System info: os.name: 'Windows 11', os.arch: 'amd64', os.version: '10.0', java.version: '17.0.8'
Driver info: org.openqa.selenium.firefox.FirefoxDriver
Command: [076b4c68-1905-48b7-b667-d7146650266e, findElement {using=xpath, value=//h1[text()='Your Account Has Been Created!']}]
Capabilities {acceptInsecureCerts: true, browserName: firefox, browserVersion: 121.0, moz:accessibilityChecks: false, moz:buildID: 20231211174248, moz:debuggerAddress: 127.0.0.1:46431, moz:geckodriverVersion: 0.33.0, moz:headless: false, moz:platformVersion: 10.0, moz:processID: 39724, moz:profile: C:\Users\bathi\AppData\Loca..., moz:shutdownTimeout: 60000, moz:webdriverClick: true, moz:windowless: false, pageLoadStrategy: normal, platformName: windows, proxy: Proxy(), se:cdp: ws://127.0.0.1:46431/devtoo..., se:cdpVersion: 85.0, setWindowRect: true, strictFileInteractability: false, timeouts: {implicit: 0, pageLoad: 300000, script: 30000}, unhandledPromptBehavior: dismiss and notify}
Session ID: 076b4c68-1905-48b7-b667-d7146650266e
at org.openqa.selenium.remote.codec.w3c.W3CHttpResponseCodec.createException(W3CHttpResponseCodec.java:200)
at org.openqa.selenium.remote.codec.w3c.W3CHttpResponseCodec.decode(W3CHttpResponseCodec.java:133)
at org.openqa.selenium.remote.codec.w3c.W3CHttpResponseCodec.decode(W3CHttpResponseCodec.java:52)
at org.openqa.selenium.remote.HttpCommandExecutor.execute(HttpCommandExecutor.java:191)
at org.openqa.selenium.remote.service.DriverCommandExecutor.invokeExecute(DriverCommandExecutor.java:200)
at org.openqa.selenium.remote.service.DriverCommandExecutor.execute(DriverCommandExecutor.java:175)
at org.openqa.selenium.remote.RemoteWebDriver.execute(RemoteWebDriver.java:607)
at org.openqa.selenium.remote.ElementLocation$ElementFinder$2.findElement(ElementLocation.java:165)
at org.openqa.selenium.remote.ElementLocation.findElement(ElementLocation.java:59)
at org.openqa.selenium.remote.RemoteWebDriver.findElement(RemoteWebDriver.java:364)
at org.openqa.selenium.remote.RemoteWebDriver.findElement(RemoteWebDriver.java:358)
at com.totorials.qa_login.Register.Register_with_Mandatoryfields(Register.java:39)
at java.base/java.util.ArrayList.forEach(ArrayList.java:1511)
... Removed 32 stack frames]]>
    </failure>
  </testcase> <!-- Register_with_Mandatoryfields -->
  <testcase classname="com.totorials.qa_login.Register" name="verify_existing_email_with_registerpage" time="8.381"/>
  <testcase classname="com.totorials.qa_login.Register" name="verifyRegisteraccount_withoutEntering_mandatoryfields" time="6.807"/>
  <testcase classname="com.totorials.qa_login.Login" name="login_vaild_creadentials" time="6.015"/>
  <testcase classname="com.totorials.qa_login.Login" name="login_invalid_creadentials" time="4.151">
    <failure type="java.lang.AssertionError" message="No match for E-Mail Address warning message not displayed expected [true] but found [false]">
      <![CDATA[java.lang.AssertionError: No match for E-Mail Address warning message not displayed expected [true] but found [false]
at com.totorials.qa_login.Login.login_invalid_creadentials(Login.java:47)
at java.base/java.util.ArrayList.forEach(ArrayList.java:1511)
... Removed 30 stack frames]]>
    </failure>
  </testcase> <!-- login_invalid_creadentials -->
  <testcase classname="com.totorials.qa_login.Login" name="login_invalid_creadentials_Manytimes" time="4.96">
    <failure type="java.lang.AssertionError" message="No match for E-Mail Address warning message not displayed expected [true] but found [false]">
      <![CDATA[java.lang.AssertionError: No match for E-Mail Address warning message not displayed expected [true] but found [false]
at com.totorials.qa_login.Login.login_invalid_creadentials_Manytimes(Login.java:64)
at java.base/java.util.ArrayList.forEach(ArrayList.java:1511)
... Removed 30 stack frames]]>
    </failure>
  </testcase> <!-- login_invalid_creadentials_Manytimes -->
  <testcase classname="com.totorials.qa_login.Login" name="login_invalid_creadentials_Manytimes" time="6.947">
    <failure type="java.lang.AssertionError" message="No match for E-Mail Address warning message not displayed expected [true] but found [false]">
      <![CDATA[java.lang.AssertionError: No match for E-Mail Address warning message not displayed expected [true] but found [false]
at com.totorials.qa_login.Login.login_invalid_creadentials_Manytimes(Login.java:64)
at java.base/java.util.ArrayList.forEach(ArrayList.java:1511)
... Removed 30 stack frames]]>
    </failure>
  </testcase> <!-- login_invalid_creadentials_Manytimes -->
  <testcase classname="com.totorials.qa_login.Login" name="login_invalid_creadentials_Manytimes" time="6.164">
    <failure type="java.lang.AssertionError" message="No match for E-Mail Address warning message not displayed expected [true] but found [false]">
      <![CDATA[java.lang.AssertionError: No match for E-Mail Address warning message not displayed expected [true] but found [false]
at com.totorials.qa_login.Login.login_invalid_creadentials_Manytimes(Login.java:64)
at java.base/java.util.ArrayList.forEach(ArrayList.java:1511)
... Removed 30 stack frames]]>
    </failure>
  </testcase> <!-- login_invalid_creadentials_Manytimes -->
  <testcase classname="com.totorials.qa_login.Login" name="login_invalid_creadentials_Manytimes" time="5.109">
    <failure type="java.lang.AssertionError" message="No match for E-Mail Address warning message not displayed expected [true] but found [false]">
      <![CDATA[java.lang.AssertionError: No match for E-Mail Address warning message not displayed expected [true] but found [false]
at com.totorials.qa_login.Login.login_invalid_creadentials_Manytimes(Login.java:64)
at java.base/java.util.ArrayList.forEach(ArrayList.java:1511)
... Removed 30 stack frames]]>
    </failure>
  </testcase> <!-- login_invalid_creadentials_Manytimes -->
  <testcase classname="com.totorials.qa_login.Login" name="login_invalid_creadentials_manytimes_shouldget_Warning" time="4.388"/>
  <testcase classname="com.totorials.qa_login.Search" name="verify_searchwith_vaildproduct" time="7.838"/>
  <testcase classname="com.totorials.qa_login.Search" name="verify_with_invaild_product" time="4.641"/>
  <testcase classname="com.totorials.qa_login.Search" name="verify_search_resultswith_Nodata" time="6.704"/>
</testsuite> <!-- Test -->
