<?xml version="1.0" encoding="UTF-8"?>
<!-- Generated by org.testng.reporters.JUnitXMLReporter -->
<testsuite ignored="0" hostname="GOUD" failures="1" tests="13" name="Test" time="135.452" errors="0" timestamp="2023-12-28T20:35:56 IST">
  <testcase classname="com.totorials.qa_login.Register" name="Register_with_Mandatoryfields" time="8.289"/>
  <testcase classname="com.totorials.qa_login.Register" name="verify_existing_email_with_registerpage" time="7.011"/>
  <testcase classname="com.totorials.qa_login.Register" name="verifyRegisteraccount_withoutEntering_mandatoryfields" time="7.751"/>
  <testcase classname="com.totorials.qa_login.Login" name="login_invalid_creadentials" time="5.633"/>
  <testcase classname="com.totorials.qa_login.Login" name="login_invalid_creadentials_Manytimes" time="15.257"/>
  <testcase classname="com.totorials.qa_login.Login" name="login_invalid_creadentials_Manytimes" time="5.146"/>
  <testcase classname="com.totorials.qa_login.Login" name="login_invalid_creadentials_Manytimes" time="7.598"/>
  <testcase classname="com.totorials.qa_login.Login" name="login_invalid_creadentials_Manytimes" time="5.648">
    <failure type="java.lang.AssertionError" message="No match for E-Mail Address warning message not displayed expected [true] but found [false]">
      <![CDATA[java.lang.AssertionError: No match for E-Mail Address warning message not displayed expected [true] but found [false]
at com.totorials.qa_login.Login.login_invalid_creadentials_Manytimes(Login.java:64)
at java.base/java.util.ArrayList.forEach(ArrayList.java:1511)
... Removed 30 stack frames]]>
    </failure>
  </testcase> <!-- login_invalid_creadentials_Manytimes -->
  <testcase classname="com.totorials.qa_login.Login" name="login_invalid_creadentials_manytimes_shouldget_Warning" time="3.416"/>
  <testcase classname="com.totorials.qa_login.Login" name="login_vaild_login_invalid_creadentials" time="7.32"/>
  <testcase classname="com.totorials.qa_login.Search" name="verify_searchwith_vaildproduct" time="4.417"/>
  <testcase classname="com.totorials.qa_login.Search" name="verify_with_invaild_product" time="5.463"/>
  <testcase classname="com.totorials.qa_login.Search" name="verify_search_resultswith_Nodata" time="7.238"/>
</testsuite> <!-- Test -->
