<?xml version="1.0" encoding="UTF-8"?>
<testng-results ignored="0" total="13" passed="11" failed="1" skipped="1">
  <reporter-output>
  </reporter-output>
  <suite started-at="2024-01-03T16:09:26 IST" name="Tutorialsninja Automation Suite" finished-at="2024-01-03T16:10:21 IST" duration-ms="55115">
    <groups>
    </groups>
    <test started-at="2024-01-03T16:09:26 IST" name="Test" finished-at="2024-01-03T16:10:21 IST" duration-ms="55115">
      <class name="com.totorialsninja.qa.Search">
        <test-method is-config="true" signature="setup()[pri:0, instance:com.totorialsninja.qa.Search@397fbdb]" started-at="2024-01-03T16:10:11 IST" name="setup" finished-at="2024-01-03T16:10:15 IST" duration-ms="3630" status="PASS">
          <reporter-output>
          </reporter-output>
        </test-method> <!-- setup -->
        <test-method signature="verify_searchwith_vaildproduct()[pri:1, instance:com.totorialsninja.qa.Search@397fbdb]" started-at="2024-01-03T16:10:15 IST" name="verify_searchwith_vaildproduct" finished-at="2024-01-03T16:10:15 IST" duration-ms="359" status="PASS">
          <reporter-output>
          </reporter-output>
        </test-method> <!-- verify_searchwith_vaildproduct -->
        <test-method is-config="true" signature="teardown()[pri:0, instance:com.totorialsninja.qa.Search@397fbdb]" started-at="2024-01-03T16:10:15 IST" name="teardown" finished-at="2024-01-03T16:10:16 IST" duration-ms="211" status="PASS">
          <reporter-output>
          </reporter-output>
        </test-method> <!-- teardown -->
        <test-method is-config="true" signature="setup()[pri:0, instance:com.totorialsninja.qa.Search@397fbdb]" started-at="2024-01-03T16:10:16 IST" name="setup" finished-at="2024-01-03T16:10:20 IST" duration-ms="4122" status="PASS">
          <reporter-output>
          </reporter-output>
        </test-method> <!-- setup -->
        <test-method signature="verify_with_invaild_product()[pri:2, instance:com.totorialsninja.qa.Search@397fbdb]" started-at="2024-01-03T16:10:20 IST" name="verify_with_invaild_product" finished-at="2024-01-03T16:10:20 IST" duration-ms="430" status="FAIL">
          <exception class="java.lang.AssertionError">
            <message>
              <![CDATA[No product in search results message is displayed expected [abcd] but found [There is no product that matches the search criteria.]]]>
            </message>
            <full-stacktrace>
              <![CDATA[java.lang.AssertionError: No product in search results message is displayed expected [abcd] but found [There is no product that matches the search criteria.]
at org.testng.Assert.fail(Assert.java:111)
at org.testng.Assert.failNotEquals(Assert.java:1578)
at org.testng.Assert.assertEqualsImpl(Assert.java:150)
at org.testng.Assert.assertEquals(Assert.java:132)
at org.testng.Assert.assertEquals(Assert.java:656)
at com.totorialsninja.qa.Search.verify_with_invaild_product(Search.java:66)
at java.base/jdk.internal.reflect.NativeMethodAccessorImpl.invoke0(Native Method)
at java.base/jdk.internal.reflect.NativeMethodAccessorImpl.invoke(NativeMethodAccessorImpl.java:77)
at java.base/jdk.internal.reflect.DelegatingMethodAccessorImpl.invoke(DelegatingMethodAccessorImpl.java:43)
at java.base/java.lang.reflect.Method.invoke(Method.java:568)
at org.testng.internal.invokers.MethodInvocationHelper.invokeMethod(MethodInvocationHelper.java:139)
at org.testng.internal.invokers.TestInvoker.invokeMethod(TestInvoker.java:664)
at org.testng.internal.invokers.TestInvoker.invokeTestMethod(TestInvoker.java:227)
at org.testng.internal.invokers.MethodRunner.runInSequence(MethodRunner.java:50)
at org.testng.internal.invokers.TestInvoker$MethodInvocationAgent.invoke(TestInvoker.java:957)
at org.testng.internal.invokers.TestInvoker.invokeTestMethods(TestInvoker.java:200)
at org.testng.internal.invokers.TestMethodWorker.invokeTestMethods(TestMethodWorker.java:148)
at org.testng.internal.invokers.TestMethodWorker.run(TestMethodWorker.java:128)
at java.base/java.util.ArrayList.forEach(ArrayList.java:1511)
at org.testng.TestRunner.privateRun(TestRunner.java:848)
at org.testng.TestRunner.run(TestRunner.java:621)
at org.testng.SuiteRunner.runTest(SuiteRunner.java:443)
at org.testng.SuiteRunner.runSequentially(SuiteRunner.java:437)
at org.testng.SuiteRunner.privateRun(SuiteRunner.java:397)
at org.testng.SuiteRunner.run(SuiteRunner.java:336)
at org.testng.SuiteRunnerWorker.runSuite(SuiteRunnerWorker.java:52)
at org.testng.SuiteRunnerWorker.run(SuiteRunnerWorker.java:95)
at org.testng.TestNG.runSuitesSequentially(TestNG.java:1280)
at org.testng.TestNG.runSuitesLocally(TestNG.java:1200)
at org.testng.TestNG.runSuites(TestNG.java:1114)
at org.testng.TestNG.run(TestNG.java:1082)
at org.testng.remote.AbstractRemoteTestNG.run(AbstractRemoteTestNG.java:115)
at org.testng.remote.RemoteTestNG.initAndRun(RemoteTestNG.java:251)
at org.testng.remote.RemoteTestNG.main(RemoteTestNG.java:77)
]]>
            </full-stacktrace>
          </exception> <!-- java.lang.AssertionError -->
          <reporter-output>
          </reporter-output>
        </test-method> <!-- verify_with_invaild_product -->
        <test-method is-config="true" signature="teardown()[pri:0, instance:com.totorialsninja.qa.Search@397fbdb]" started-at="2024-01-03T16:10:20 IST" name="teardown" finished-at="2024-01-03T16:10:21 IST" duration-ms="285" status="PASS">
          <reporter-output>
          </reporter-output>
        </test-method> <!-- teardown -->
        <test-method signature="verify_search_resultswith_Nodata()[pri:3, instance:com.totorialsninja.qa.Search@397fbdb]" started-at="2024-01-03T16:10:21 IST" name="verify_search_resultswith_Nodata" finished-at="2024-01-03T16:10:21 IST" depends-on-methods="com.totorialsninja.qa.Search.verify_with_invaild_product" duration-ms="0" status="SKIP">
          <exception class="java.lang.Throwable">
            <message>
              <![CDATA[Method com.totorialsninja.qa.Search.verify_search_resultswith_Nodata() on instance com.totorialsninja.qa.Search@397fbdb depends on not successfully finished methods 
[com.totorialsninja.qa.Search.verify_with_invaild_product() on instance com.totorialsninja.qa.Search@397fbdb]]]>
            </message>
            <full-stacktrace>
              <![CDATA[java.lang.Throwable: Method com.totorialsninja.qa.Search.verify_search_resultswith_Nodata() on instance com.totorialsninja.qa.Search@397fbdb depends on not successfully finished methods 
[com.totorialsninja.qa.Search.verify_with_invaild_product() on instance com.totorialsninja.qa.Search@397fbdb]
at org.testng.internal.invokers.TestInvoker.invokeTestMethods(TestInvoker.java:156)
at org.testng.internal.invokers.TestMethodWorker.invokeTestMethods(TestMethodWorker.java:148)
at org.testng.internal.invokers.TestMethodWorker.run(TestMethodWorker.java:128)
at java.base/java.util.ArrayList.forEach(ArrayList.java:1511)
at org.testng.TestRunner.privateRun(TestRunner.java:848)
at org.testng.TestRunner.run(TestRunner.java:621)
at org.testng.SuiteRunner.runTest(SuiteRunner.java:443)
at org.testng.SuiteRunner.runSequentially(SuiteRunner.java:437)
at org.testng.SuiteRunner.privateRun(SuiteRunner.java:397)
at org.testng.SuiteRunner.run(SuiteRunner.java:336)
at org.testng.SuiteRunnerWorker.runSuite(SuiteRunnerWorker.java:52)
at org.testng.SuiteRunnerWorker.run(SuiteRunnerWorker.java:95)
at org.testng.TestNG.runSuitesSequentially(TestNG.java:1280)
at org.testng.TestNG.runSuitesLocally(TestNG.java:1200)
at org.testng.TestNG.runSuites(TestNG.java:1114)
at org.testng.TestNG.run(TestNG.java:1082)
at org.testng.remote.AbstractRemoteTestNG.run(AbstractRemoteTestNG.java:115)
at org.testng.remote.RemoteTestNG.initAndRun(RemoteTestNG.java:251)
at org.testng.remote.RemoteTestNG.main(RemoteTestNG.java:77)
]]>
            </full-stacktrace>
          </exception> <!-- java.lang.Throwable -->
          <reporter-output>
          </reporter-output>
        </test-method> <!-- verify_search_resultswith_Nodata -->
      </class> <!-- com.totorialsninja.qa.Search -->
      <class name="com.totorialsninja.qa.Login">
        <test-method is-config="true" signature="setup()[pri:0, instance:com.totorialsninja.qa.Login@78691363]" started-at="2024-01-03T16:09:40 IST" name="setup" finished-at="2024-01-03T16:09:45 IST" duration-ms="4213" status="PASS">
          <reporter-output>
          </reporter-output>
        </test-method> <!-- setup -->
        <test-method signature="verify_login_vaild_creadentials(java.lang.String,java.lang.String)[pri:0, instance:com.totorialsninja.qa.Login@78691363]" started-at="2024-01-03T16:09:45 IST" name="verify_login_vaild_creadentials" data-provider="validcreadentialssupplier" finished-at="2024-01-03T16:09:45 IST" duration-ms="688" status="PASS">
          <params>
            <param index="0">
              <value>
                <![CDATA[goud10@gmail.com]]>
              </value>
            </param>
            <param index="1">
              <value>
                <![CDATA[abcdef]]>
              </value>
            </param>
          </params>
          <reporter-output>
          </reporter-output>
        </test-method> <!-- verify_login_vaild_creadentials -->
        <test-method is-config="true" signature="teardown()[pri:0, instance:com.totorialsninja.qa.Login@78691363]" started-at="2024-01-03T16:09:45 IST" name="teardown" finished-at="2024-01-03T16:09:46 IST" duration-ms="191" status="PASS">
          <reporter-output>
          </reporter-output>
        </test-method> <!-- teardown -->
        <test-method is-config="true" signature="setup()[pri:0, instance:com.totorialsninja.qa.Login@78691363]" started-at="2024-01-03T16:09:46 IST" name="setup" finished-at="2024-01-03T16:09:49 IST" duration-ms="3978" status="PASS">
          <reporter-output>
          </reporter-output>
        </test-method> <!-- setup -->
        <test-method signature="verify_login_vaild_creadentials(java.lang.String,java.lang.String)[pri:0, instance:com.totorialsninja.qa.Login@78691363]" started-at="2024-01-03T16:09:49 IST" name="verify_login_vaild_creadentials" data-provider="validcreadentialssupplier" finished-at="2024-01-03T16:09:50 IST" duration-ms="742" status="PASS">
          <params>
            <param index="0">
              <value>
                <![CDATA[bathinirajesh@gmail.com]]>
              </value>
            </param>
            <param index="1">
              <value>
                <![CDATA[abcde]]>
              </value>
            </param>
          </params>
          <reporter-output>
          </reporter-output>
        </test-method> <!-- verify_login_vaild_creadentials -->
        <test-method is-config="true" signature="teardown()[pri:0, instance:com.totorialsninja.qa.Login@78691363]" started-at="2024-01-03T16:09:50 IST" name="teardown" finished-at="2024-01-03T16:09:50 IST" duration-ms="212" status="PASS">
          <reporter-output>
          </reporter-output>
        </test-method> <!-- teardown -->
        <test-method is-config="true" signature="setup()[pri:0, instance:com.totorialsninja.qa.Login@78691363]" started-at="2024-01-03T16:09:50 IST" name="setup" finished-at="2024-01-03T16:09:54 IST" duration-ms="3550" status="PASS">
          <reporter-output>
          </reporter-output>
        </test-method> <!-- setup -->
        <test-method signature="verify_login_vaild_creadentials(java.lang.String,java.lang.String)[pri:0, instance:com.totorialsninja.qa.Login@78691363]" started-at="2024-01-03T16:09:54 IST" name="verify_login_vaild_creadentials" data-provider="validcreadentialssupplier" finished-at="2024-01-03T16:09:55 IST" duration-ms="799" status="PASS">
          <params>
            <param index="0">
              <value>
                <![CDATA[bathinii@gmail.com]]>
              </value>
            </param>
            <param index="1">
              <value>
                <![CDATA[abcdefg]]>
              </value>
            </param>
          </params>
          <reporter-output>
          </reporter-output>
        </test-method> <!-- verify_login_vaild_creadentials -->
        <test-method is-config="true" signature="teardown()[pri:0, instance:com.totorialsninja.qa.Login@78691363]" started-at="2024-01-03T16:09:55 IST" name="teardown" finished-at="2024-01-03T16:09:55 IST" duration-ms="165" status="PASS">
          <reporter-output>
          </reporter-output>
        </test-method> <!-- teardown -->
        <test-method is-config="true" signature="setup()[pri:0, instance:com.totorialsninja.qa.Login@78691363]" started-at="2024-01-03T16:09:55 IST" name="setup" finished-at="2024-01-03T16:09:57 IST" duration-ms="2407" status="PASS">
          <reporter-output>
          </reporter-output>
        </test-method> <!-- setup -->
        <test-method signature="verify_login_invalid_creadentials()[pri:2, instance:com.totorialsninja.qa.Login@78691363]" started-at="2024-01-03T16:09:57 IST" name="verify_login_invalid_creadentials" finished-at="2024-01-03T16:09:58 IST" duration-ms="795" status="PASS">
          <reporter-output>
          </reporter-output>
        </test-method> <!-- verify_login_invalid_creadentials -->
        <test-method is-config="true" signature="teardown()[pri:0, instance:com.totorialsninja.qa.Login@78691363]" started-at="2024-01-03T16:09:58 IST" name="teardown" finished-at="2024-01-03T16:09:58 IST" duration-ms="206" status="PASS">
          <reporter-output>
          </reporter-output>
        </test-method> <!-- teardown -->
        <test-method is-config="true" signature="setup()[pri:0, instance:com.totorialsninja.qa.Login@78691363]" started-at="2024-01-03T16:09:58 IST" name="setup" finished-at="2024-01-03T16:10:02 IST" duration-ms="3270" status="PASS">
          <reporter-output>
          </reporter-output>
        </test-method> <!-- setup -->
        <test-method signature="verifyLoginWithInvalidEmailAndValidPassword()[pri:3, instance:com.totorialsninja.qa.Login@78691363]" started-at="2024-01-03T16:10:02 IST" name="verifyLoginWithInvalidEmailAndValidPassword" finished-at="2024-01-03T16:10:02 IST" duration-ms="764" status="PASS">
          <reporter-output>
          </reporter-output>
        </test-method> <!-- verifyLoginWithInvalidEmailAndValidPassword -->
        <test-method is-config="true" signature="teardown()[pri:0, instance:com.totorialsninja.qa.Login@78691363]" started-at="2024-01-03T16:10:02 IST" name="teardown" finished-at="2024-01-03T16:10:03 IST" duration-ms="234" status="PASS">
          <reporter-output>
          </reporter-output>
        </test-method> <!-- teardown -->
        <test-method is-config="true" signature="setup()[pri:0, instance:com.totorialsninja.qa.Login@78691363]" started-at="2024-01-03T16:10:03 IST" name="setup" finished-at="2024-01-03T16:10:06 IST" duration-ms="3252" status="PASS">
          <reporter-output>
          </reporter-output>
        </test-method> <!-- setup -->
        <test-method signature="verifyLoginWithoutProvidingAnyFields()[pri:4, instance:com.totorialsninja.qa.Login@78691363]" started-at="2024-01-03T16:10:06 IST" name="verifyLoginWithoutProvidingAnyFields" finished-at="2024-01-03T16:10:06 IST" duration-ms="331" status="PASS">
          <reporter-output>
          </reporter-output>
        </test-method> <!-- verifyLoginWithoutProvidingAnyFields -->
        <test-method is-config="true" signature="teardown()[pri:0, instance:com.totorialsninja.qa.Login@78691363]" started-at="2024-01-03T16:10:06 IST" name="teardown" finished-at="2024-01-03T16:10:06 IST" duration-ms="239" status="PASS">
          <reporter-output>
          </reporter-output>
        </test-method> <!-- teardown -->
        <test-method is-config="true" signature="setup()[pri:0, instance:com.totorialsninja.qa.Login@78691363]" started-at="2024-01-03T16:10:06 IST" name="setup" finished-at="2024-01-03T16:10:11 IST" duration-ms="4059" status="PASS">
          <reporter-output>
          </reporter-output>
        </test-method> <!-- setup -->
        <test-method signature="verifyLoginWithvalidEmailAndInValidPassword()[pri:4, instance:com.totorialsninja.qa.Login@78691363]" started-at="2024-01-03T16:10:11 IST" name="verifyLoginWithvalidEmailAndInValidPassword" finished-at="2024-01-03T16:10:11 IST" duration-ms="653" status="PASS">
          <reporter-output>
          </reporter-output>
        </test-method> <!-- verifyLoginWithvalidEmailAndInValidPassword -->
        <test-method is-config="true" signature="teardown()[pri:0, instance:com.totorialsninja.qa.Login@78691363]" started-at="2024-01-03T16:10:11 IST" name="teardown" finished-at="2024-01-03T16:10:11 IST" duration-ms="288" status="PASS">
          <reporter-output>
          </reporter-output>
        </test-method> <!-- teardown -->
      </class> <!-- com.totorialsninja.qa.Login -->
      <class name="com.totorialsninja.qa.Register">
        <test-method is-config="true" signature="setup()[pri:0, instance:com.totorialsninja.qa.Register@3c19aaa5]" started-at="2024-01-03T16:09:26 IST" name="setup" finished-at="2024-01-03T16:09:30 IST" duration-ms="3860" status="PASS">
          <reporter-output>
          </reporter-output>
        </test-method> <!-- setup -->
        <test-method signature="Register_with_Mandatoryfields()[pri:1, instance:com.totorialsninja.qa.Register@3c19aaa5]" started-at="2024-01-03T16:09:30 IST" name="Register_with_Mandatoryfields" finished-at="2024-01-03T16:09:31 IST" duration-ms="1059" status="PASS">
          <reporter-output>
          </reporter-output>
        </test-method> <!-- Register_with_Mandatoryfields -->
        <test-method is-config="true" signature="teardown()[pri:0, instance:com.totorialsninja.qa.Register@3c19aaa5]" started-at="2024-01-03T16:09:31 IST" name="teardown" finished-at="2024-01-03T16:09:31 IST" duration-ms="194" status="PASS">
          <reporter-output>
          </reporter-output>
        </test-method> <!-- teardown -->
        <test-method is-config="true" signature="setup()[pri:0, instance:com.totorialsninja.qa.Register@3c19aaa5]" started-at="2024-01-03T16:09:31 IST" name="setup" finished-at="2024-01-03T16:09:34 IST" duration-ms="2659" status="PASS">
          <reporter-output>
          </reporter-output>
        </test-method> <!-- setup -->
        <test-method signature="verify_existing_email_with_registerpage()[pri:2, instance:com.totorialsninja.qa.Register@3c19aaa5]" started-at="2024-01-03T16:09:34 IST" name="verify_existing_email_with_registerpage" finished-at="2024-01-03T16:09:34 IST" duration-ms="862" status="PASS">
          <reporter-output>
          </reporter-output>
        </test-method> <!-- verify_existing_email_with_registerpage -->
        <test-method is-config="true" signature="teardown()[pri:0, instance:com.totorialsninja.qa.Register@3c19aaa5]" started-at="2024-01-03T16:09:34 IST" name="teardown" finished-at="2024-01-03T16:09:35 IST" duration-ms="223" status="PASS">
          <reporter-output>
          </reporter-output>
        </test-method> <!-- teardown -->
        <test-method is-config="true" signature="setup()[pri:0, instance:com.totorialsninja.qa.Register@3c19aaa5]" started-at="2024-01-03T16:09:35 IST" name="setup" finished-at="2024-01-03T16:09:39 IST" duration-ms="4490" status="PASS">
          <reporter-output>
          </reporter-output>
        </test-method> <!-- setup -->
        <test-method signature="verifyRegisteraccount_withoutEntering_mandatoryfields()[pri:3, instance:com.totorialsninja.qa.Register@3c19aaa5]" started-at="2024-01-03T16:09:39 IST" name="verifyRegisteraccount_withoutEntering_mandatoryfields" finished-at="2024-01-03T16:09:40 IST" duration-ms="380" status="PASS">
          <reporter-output>
          </reporter-output>
        </test-method> <!-- verifyRegisteraccount_withoutEntering_mandatoryfields -->
        <test-method is-config="true" signature="teardown()[pri:0, instance:com.totorialsninja.qa.Register@3c19aaa5]" started-at="2024-01-03T16:09:40 IST" name="teardown" finished-at="2024-01-03T16:09:40 IST" duration-ms="203" status="PASS">
          <reporter-output>
          </reporter-output>
        </test-method> <!-- teardown -->
      </class> <!-- com.totorialsninja.qa.Register -->
    </test> <!-- Test -->
  </suite> <!-- Tutorialsninja Automation Suite -->
</testng-results>
